# JRE version: OpenJDK Runtime Environment GraalVM CE 22.3.0 (17.0.5+8) (build 17.0.5+8-jvmci-22.3-b08)
# Java VM: OpenJDK 64-Bit Server VM GraalVM CE 22.3.0 (17.0.5+8-jvmci-22.3-b08, mixed mode, sharing, tiered, jvmci, jvmci compiler, compressed oops, compressed class ptrs, parallel gc, linux-amd64)
GC Precious Log:
 CPUs: 8 total, 1 available
 Memory: 1024M
 Large Page Support: Disabled
 NUMA Support: Disabled
 Compressed Oops: Enabled (32-bit)
 Alignments: Space 512K, Generation 512K, Heap 2M
 Heap Min Capacity: 100M
 Heap Initial Capacity: 100M
 Heap Max Capacity: 512M
 Pre-touch: Disabled
 Parallel Workers: 1
Heap:
 PSYoungGen      total 72704K, used 54783K [0x00000000f5580000, 0x00000000fcc00000, 0x0000000100000000)
  eden space 54784K, 99% used [0x00000000f5580000,0x00000000f8affff8,0x00000000f8b00000)
  from space 17920K, 0% used [0x00000000f8b00000,0x00000000f8b00000,0x00000000f9c80000)
  to   space 32256K, 0% used [0x00000000fac80000,0x00000000fac80000,0x00000000fcc00000)
 ParOldGen       total 349696K, used 349695K [0x00000000e0000000, 0x00000000f5580000, 0x00000000f5580000)
  object space 349696K, 99% used [0x00000000e0000000,0x00000000f557fdc8,0x00000000f5580000)
 Metaspace       used 66671K, committed 67648K, reserved 1114112K
  class space    used 6340K, committed 6784K, reserved 1048576K
GC Heap History (20 events):
Event: 1635.832 GC heap before
{Heap before GC invocations=517 (full 436):
 PSYoungGen      total 72704K, used 54783K [0x00000000f5580000, 0x00000000fcc00000, 0x0000000100000000)
  eden space 54784K, 99% used [0x00000000f5580000,0x00000000f8affff8,0x00000000f8b00000)
  from space 17920K, 0% used [0x00000000f8b00000,0x00000000f8b00000,0x00000000f9c80000)
  to   space 32256K, 0% used [0x00000000fac80000,0x00000000fac80000,0x00000000fcc00000)
 ParOldGen       total 349696K, used 349693K [0x00000000e0000000, 0x00000000f5580000, 0x00000000f5580000)
  object space 349696K, 99% used [0x00000000e0000000,0x00000000f557f5f0,0x00000000f5580000)
 Metaspace       used 66671K, committed 67648K, reserved 1114112K
  class space    used 6340K, committed 6784K, reserved 1048576K
}
Event: 1638.138 GC heap after
{Heap after GC invocations=517 (full 436):
 PSYoungGen      total 87040K, used 54783K [0x00000000f5580000, 0x00000000fcc00000, 0x0000000100000000)
  eden space 54784K, 99% used [0x00000000f5580000,0x00000000f8affff8,0x00000000f8b00000)
  from space 32256K, 0% used [0x00000000fac80000,0x00000000fac80000,0x00000000fcc00000)
  to   space 17920K, 0% used [0x00000000f8b00000,0x00000000f8b00000,0x00000000f9c80000)
 ParOldGen       total 349696K, used 349693K [0x00000000e0000000, 0x00000000f5580000, 0x00000000f5580000)
  object space 349696K, 99% used [0x00000000e0000000,0x00000000f557f5f0,0x00000000f5580000)
 Metaspace       used 66671K, committed 67648K, reserved 1114112K
  class space    used 6340K, committed 6784K, reserved 1048576K
}
Event: 1638.138 GC heap before
{Heap before GC invocations=518 (full 437):
 PSYoungGen      total 87040K, used 54783K [0x00000000f5580000, 0x00000000fcc00000, 0x0000000100000000)
  eden space 54784K, 99% used [0x00000000f5580000,0x00000000f8affff8,0x00000000f8b00000)
  from space 32256K, 0% used [0x00000000fac80000,0x00000000fac80000,0x00000000fcc00000)
  to   space 17920K, 0% used [0x00000000f8b00000,0x00000000f8b00000,0x00000000f9c80000)
 ParOldGen       total 349696K, used 349696K [0x00000000e0000000, 0x00000000f5580000, 0x00000000f5580000)
  object space 349696K, 100% used [0x00000000e0000000,0x00000000f5580000,0x00000000f5580000)
 Metaspace       used 66671K, committed 67648K, reserved 1114112K
  class space    used 6340K, committed 6784K, reserved 1048576K
}
Event: 1640.734 GC heap after
{Heap after GC invocations=518 (full 437):
 PSYoungGen      total 72704K, used 54783K [0x00000000f5580000, 0x00000000fcc00000, 0x0000000100000000)
  eden space 54784K, 99% used [0x00000000f5580000,0x00000000f8affdb0,0x00000000f8b00000)
  from space 17920K, 0% used [0x00000000f8b00000,0x00000000f8b00000,0x00000000f9c80000)
  to   space 32256K, 0% used [0x00000000fac80000,0x00000000fac80000,0x00000000fcc00000)
 ParOldGen       total 349696K, used 349694K [0x00000000e0000000, 0x00000000f5580000, 0x00000000f5580000)
  object space 349696K, 99% used [0x00000000e0000000,0x00000000f557fb30,0x00000000f5580000)
 Metaspace       used 66671K, committed 67648K, reserved 1114112K
  class space    used 6340K, committed 6784K, reserved 1048576K
}
Event: 1640.735 GC heap before
{Heap before GC invocations=519 (full 438):
 PSYoungGen      total 72704K, used 54784K [0x00000000f5580000, 0x00000000fcc00000, 0x0000000100000000)
  eden space 54784K, 100% used [0x00000000f5580000,0x00000000f8b00000,0x00000000f8b00000)
  from space 17920K, 0% used [0x00000000f8b00000,0x00000000f8b00000,0x00000000f9c80000)
  to   space 32256K, 0% used [0x00000000fac80000,0x00000000fac80000,0x00000000fcc00000)
 ParOldGen       total 349696K, used 349694K [0x00000000e0000000, 0x00000000f5580000, 0x00000000f5580000)
  object space 349696K, 99% used [0x00000000e0000000,0x00000000f557fb30,0x00000000f5580000)
 Metaspace       used 66671K, committed 67648K, reserved 1114112K
  class space    used 6340K, committed 6784K, reserved 1048576K
}
Event: 1643.144 GC heap after
{Heap after GC invocations=519 (full 438):
 PSYoungGen      total 87040K, used 54783K [0x00000000f5580000, 0x00000000fcc00000, 0x0000000100000000)
  eden space 54784K, 99% used [0x00000000f5580000,0x00000000f8afff10,0x00000000f8b00000)
  from space 32256K, 0% used [0x00000000fac80000,0x00000000fac80000,0x00000000fcc00000)
  to   space 17920K, 0% used [0x00000000f8b00000,0x00000000f8b00000,0x00000000f9c80000)
 ParOldGen       total 349696K, used 349694K [0x00000000e0000000, 0x00000000f5580000, 0x00000000f5580000)
  object space 349696K, 99% used [0x00000000e0000000,0x00000000f557fb00,0x00000000f5580000)
 Metaspace       used 66671K, committed 67648K, reserved 1114112K
  class space    used 6340K, committed 6784K, reserved 1048576K
}
Event: 1643.145 GC heap before
{Heap before GC invocations=520 (full 439):
 PSYoungGen      total 87040K, used 54783K [0x00000000f5580000, 0x00000000fcc00000, 0x0000000100000000)
  eden space 54784K, 99% used [0x00000000f5580000,0x00000000f8affff8,0x00000000f8b00000)
  from space 32256K, 0% used [0x00000000fac80000,0x00000000fac80000,0x00000000fcc00000)
  to   space 17920K, 0% used [0x00000000f8b00000,0x00000000f8b00000,0x00000000f9c80000)
 ParOldGen       total 349696K, used 349694K [0x00000000e0000000, 0x00000000f5580000, 0x00000000f5580000)
  object space 349696K, 99% used [0x00000000e0000000,0x00000000f557fb00,0x00000000f5580000)
 Metaspace       used 66671K, committed 67648K, reserved 1114112K
  class space    used 6340K, committed 6784K, reserved 1048576K
}
Event: 1645.660 GC heap after
{Heap after GC invocations=520 (full 439):
 PSYoungGen      total 72704K, used 54783K [0x00000000f5580000, 0x00000000fcc00000, 0x0000000100000000)
  eden space 54784K, 99% used [0x00000000f5580000,0x00000000f8affdb8,0x00000000f8b00000)
  from space 17920K, 0% used [0x00000000f8b00000,0x00000000f8b00000,0x00000000f9c80000)
  to   space 32256K, 0% used [0x00000000fac80000,0x00000000fac80000,0x00000000fcc00000)
 ParOldGen       total 349696K, used 349694K [0x00000000e0000000, 0x00000000f5580000, 0x00000000f5580000)
  object space 349696K, 99% used [0x00000000e0000000,0x00000000f557fa28,0x00000000f5580000)
 Metaspace       used 66671K, committed 67648K, reserved 1114112K
  class space    used 6340K, committed 6784K, reserved 1048576K
}
Event: 1645.660 GC heap before
{Heap before GC invocations=521 (full 440):
 PSYoungGen      total 72704K, used 54783K [0x00000000f5580000, 0x00000000fcc00000, 0x0000000100000000)
  eden space 54784K, 99% used [0x00000000f5580000,0x00000000f8affff0,0x00000000f8b00000)
  from space 17920K, 0% used [0x00000000f8b00000,0x00000000f8b00000,0x00000000f9c80000)
  to   space 32256K, 0% used [0x00000000fac80000,0x00000000fac80000,0x00000000fcc00000)
 ParOldGen       total 349696K, used 349694K [0x00000000e0000000, 0x00000000f5580000, 0x00000000f5580000)
  object space 349696K, 99% used [0x00000000e0000000,0x00000000f557fa28,0x00000000f5580000)
 Metaspace       used 66671K, committed 67648K, reserved 1114112K
  class space    used 6340K, committed 6784K, reserved 1048576K
}
Event: 1648.257 GC heap after
{Heap after GC invocations=521 (full 440):
 PSYoungGen      total 87040K, used 54783K [0x00000000f5580000, 0x00000000fcc00000, 0x0000000100000000)
  eden space 54784K, 99% used [0x00000000f5580000,0x00000000f8afff28,0x00000000f8b00000)
  from space 32256K, 0% used [0x00000000fac80000,0x00000000fac80000,0x00000000fcc00000)
  to   space 17920K, 0% used [0x00000000f8b00000,0x00000000f8b00000,0x00000000f9c80000)
 ParOldGen       total 349696K, used 349694K [0x00000000e0000000, 0x00000000f5580000, 0x00000000f5580000)
  object space 349696K, 99% used [0x00000000e0000000,0x00000000f557fa28,0x00000000f5580000)
 Metaspace       used 66671K, committed 67648K, reserved 1114112K
  class space    used 6340K, committed 6784K, reserved 1048576K
}
Event: 1648.263 GC heap before
{Heap before GC invocations=522 (full 441):
 PSYoungGen      total 87040K, used 54784K [0x00000000f5580000, 0x00000000fcc00000, 0x0000000100000000)
  eden space 54784K, 100% used [0x00000000f5580000,0x00000000f8b00000,0x00000000f8b00000)
  from space 32256K, 0% used [0x00000000fac80000,0x00000000fac80000,0x00000000fcc00000)
  to   space 17920K, 0% used [0x00000000f8b00000,0x00000000f8b00000,0x00000000f9c80000)
 ParOldGen       total 349696K, used 349694K [0x00000000e0000000, 0x00000000f5580000, 0x00000000f5580000)
  object space 349696K, 99% used [0x00000000e0000000,0x00000000f557fa28,0x00000000f5580000)
 Metaspace       used 66671K, committed 67648K, reserved 1114112K
  class space    used 6340K, committed 6784K, reserved 1048576K
}
Event: 1650.943 GC heap after
{Heap after GC invocations=522 (full 441):
 PSYoungGen      total 72704K, used 54783K [0x00000000f5580000, 0x00000000fcc00000, 0x0000000100000000)
  eden space 54784K, 99% used [0x00000000f5580000,0x00000000f8affea8,0x00000000f8b00000)
  from space 17920K, 0% used [0x00000000f8b00000,0x00000000f8b00000,0x00000000f9c80000)
  to   space 32256K, 0% used [0x00000000fac80000,0x00000000fac80000,0x00000000fcc00000)
 ParOldGen       total 349696K, used 349694K [0x00000000e0000000, 0x00000000f5580000, 0x00000000f5580000)
  object space 349696K, 99% used [0x00000000e0000000,0x00000000f557fa08,0x00000000f5580000)
 Metaspace       used 66671K, committed 67648K, reserved 1114112K
  class space    used 6340K, committed 6784K, reserved 1048576K
}
Event: 1650.947 GC heap before
{Heap before GC invocations=523 (full 442):
 PSYoungGen      total 72704K, used 54784K [0x00000000f5580000, 0x00000000fcc00000, 0x0000000100000000)
  eden space 54784K, 100% used [0x00000000f5580000,0x00000000f8b00000,0x00000000f8b00000)
  from space 17920K, 0% used [0x00000000f8b00000,0x00000000f8b00000,0x00000000f9c80000)
  to   space 32256K, 0% used [0x00000000fac80000,0x00000000fac80000,0x00000000fcc00000)
 ParOldGen       total 349696K, used 349694K [0x00000000e0000000, 0x00000000f5580000, 0x00000000f5580000)
  object space 349696K, 99% used [0x00000000e0000000,0x00000000f557fa08,0x00000000f5580000)
 Metaspace       used 66671K, committed 67648K, reserved 1114112K
  class space    used 6340K, committed 6784K, reserved 1048576K
}
Event: 1653.247 GC heap after
{Heap after GC invocations=523 (full 442):
 PSYoungGen      total 87040K, used 54783K [0x00000000f5580000, 0x00000000fcc00000, 0x0000000100000000)
  eden space 54784K, 99% used [0x00000000f5580000,0x00000000f8afff00,0x00000000f8b00000)
  from space 32256K, 0% used [0x00000000fac80000,0x00000000fac80000,0x00000000fcc00000)
  to   space 17920K, 0% used [0x00000000f8b00000,0x00000000f8b00000,0x00000000f9c80000)
 ParOldGen       total 349696K, used 349694K [0x00000000e0000000, 0x00000000f5580000, 0x00000000f5580000)
  object space 349696K, 99% used [0x00000000e0000000,0x00000000f557fa08,0x00000000f5580000)
 Metaspace       used 66671K, committed 67648K, reserved 1114112K
  class space    used 6340K, committed 6784K, reserved 1048576K
}
Event: 1653.248 GC heap before
{Heap before GC invocations=524 (full 443):
 PSYoungGen      total 87040K, used 54783K [0x00000000f5580000, 0x00000000fcc00000, 0x0000000100000000)
  eden space 54784K, 99% used [0x00000000f5580000,0x00000000f8affff8,0x00000000f8b00000)
  from space 32256K, 0% used [0x00000000fac80000,0x00000000fac80000,0x00000000fcc00000)
  to   space 17920K, 0% used [0x00000000f8b00000,0x00000000f8b00000,0x00000000f9c80000)
 ParOldGen       total 349696K, used 349694K [0x00000000e0000000, 0x00000000f5580000, 0x00000000f5580000)
  object space 349696K, 99% used [0x00000000e0000000,0x00000000f557fa08,0x00000000f5580000)
 Metaspace       used 66671K, committed 67648K, reserved 1114112K
  class space    used 6340K, committed 6784K, reserved 1048576K
}
Event: 1656.133 GC heap after
{Heap after GC invocations=524 (full 443):
 PSYoungGen      total 72704K, used 54783K [0x00000000f5580000, 0x00000000fcc00000, 0x0000000100000000)
  eden space 54784K, 99% used [0x00000000f5580000,0x00000000f8afffb8,0x00000000f8b00000)
  from space 17920K, 0% used [0x00000000f8b00000,0x00000000f8b00000,0x00000000f9c80000)
  to   space 32256K, 0% used [0x00000000fac80000,0x00000000fac80000,0x00000000fcc00000)
 ParOldGen       total 349696K, used 349694K [0x00000000e0000000, 0x00000000f5580000, 0x00000000f5580000)
  object space 349696K, 99% used [0x00000000e0000000,0x00000000f557fa08,0x00000000f5580000)
 Metaspace       used 66671K, committed 67648K, reserved 1114112K
  class space    used 6340K, committed 6784K, reserved 1048576K
}
Event: 1656.134 GC heap before
{Heap before GC invocations=525 (full 444):
 PSYoungGen      total 72704K, used 54783K [0x00000000f5580000, 0x00000000fcc00000, 0x0000000100000000)
  eden space 54784K, 99% used [0x00000000f5580000,0x00000000f8affff8,0x00000000f8b00000)
  from space 17920K, 0% used [0x00000000f8b00000,0x00000000f8b00000,0x00000000f9c80000)
  to   space 32256K, 0% used [0x00000000fac80000,0x00000000fac80000,0x00000000fcc00000)
 ParOldGen       total 349696K, used 349695K [0x00000000e0000000, 0x00000000f5580000, 0x00000000f5580000)
  object space 349696K, 99% used [0x00000000e0000000,0x00000000f557fcf0,0x00000000f5580000)
 Metaspace       used 66671K, committed 67648K, reserved 1114112K
  class space    used 6340K, committed 6784K, reserved 1048576K
}
Event: 1659.029 GC heap after
{Heap after GC invocations=525 (full 444):
 PSYoungGen      total 87040K, used 54783K [0x00000000f5580000, 0x00000000fcc00000, 0x0000000100000000)
  eden space 54784K, 99% used [0x00000000f5580000,0x00000000f8afff48,0x00000000f8b00000)
  from space 32256K, 0% used [0x00000000fac80000,0x00000000fac80000,0x00000000fcc00000)
  to   space 17920K, 0% used [0x00000000f8b00000,0x00000000f8b00000,0x00000000f9c80000)
 ParOldGen       total 349696K, used 349694K [0x00000000e0000000, 0x00000000f5580000, 0x00000000f5580000)
  object space 349696K, 99% used [0x00000000e0000000,0x00000000f557fa90,0x00000000f5580000)
 Metaspace       used 66671K, committed 67648K, reserved 1114112K
  class space    used 6340K, committed 6784K, reserved 1048576K
}
Event: 1659.029 GC heap before
{Heap before GC invocations=526 (full 445):
 PSYoungGen      total 87040K, used 54783K [0x00000000f5580000, 0x00000000fcc00000, 0x0000000100000000)
  eden space 54784K, 99% used [0x00000000f5580000,0x00000000f8afff48,0x00000000f8b00000)
  from space 32256K, 0% used [0x00000000fac80000,0x00000000fac80000,0x00000000fcc00000)
  to   space 17920K, 0% used [0x00000000f8b00000,0x00000000f8b00000,0x00000000f9c80000)
 ParOldGen       total 349696K, used 349694K [0x00000000e0000000, 0x00000000f5580000, 0x00000000f5580000)
  object space 349696K, 99% used [0x00000000e0000000,0x00000000f557fa90,0x00000000f5580000)
 Metaspace       used 66671K, committed 67648K, reserved 1114112K
  class space    used 6340K, committed 6784K, reserved 1048576K
}
Event: 1661.720 GC heap after
{Heap after GC invocations=526 (full 445):
 PSYoungGen      total 72704K, used 54783K [0x00000000f5580000, 0x00000000fcc00000, 0x0000000100000000)
  eden space 54784K, 99% used [0x00000000f5580000,0x00000000f8afff48,0x00000000f8b00000)
  from space 17920K, 0% used [0x00000000f8b00000,0x00000000f8b00000,0x00000000f9c80000)
  to   space 32256K, 0% used [0x00000000fac80000,0x00000000fac80000,0x00000000fcc00000)
 ParOldGen       total 349696K, used 349694K [0x00000000e0000000, 0x00000000f5580000, 0x00000000f5580000)
  object space 349696K, 99% used [0x00000000e0000000,0x00000000f557fa90,0x00000000f5580000)
 Metaspace       used 66671K, committed 67648K, reserved 1114112K
  class space    used 6340K, committed 6784K, reserved 1048576K
}

